<?xml version="1.0" encoding="UTF-8"?>
<!-- Generated by org.testng.reporters.JUnitXMLReporter -->
<testsuite ignored="0" hostname="LAPTOP-IF1T13DB" failures="0" tests="3" name="Default test" time="67.015" errors="0" timestamp="2024-08-09T13:56:42 IST">
  <testcase classname="test.TC002_LoginPageRoundTrip" name="signUptest" time="10.799"/>
  <testcase classname="test.TC002_LoginPageRoundTrip" name="twoWayFlight" time="43.809"/>
  <testcase classname="test.TC002_LoginPageRoundTrip" name="payment" time="3.895"/>
</testsuite> <!-- Default test -->
