<?xml version="1.0" encoding="UTF-8"?>
<!-- Generated by org.testng.reporters.JUnitXMLReporter -->
<testsuite ignored="0" hostname="LAPTOP-IF1T13DB" failures="0" tests="3" name="Default test" time="84.655" errors="0" timestamp="2024-08-11T12:03:56 IST">
  <testcase classname="test.TC001_LoginPage" name="signUptest" time="10.874"/>
  <testcase classname="test.TC001_LoginPage" name="oneWayFlight" time="57.039"/>
  <testcase classname="test.TC001_LoginPage" name="payment" time="3.701"/>
</testsuite> <!-- Default test -->
