<?xml version="1.0" encoding="UTF-8"?>
<!-- Generated by org.testng.reporters.JUnitXMLReporter -->
<testsuite ignored="0" hostname="LAPTOP-IF1T13DB" failures="0" tests="3" name="ChromeTest" time="76.304" errors="0" timestamp="2024-08-09T11:14:46 IST">
  <testcase classname="test.TC001_LoginPage" name="signUptest" time="10.635"/>
  <testcase classname="test.TC001_LoginPage" name="oneWayFlight" time="55.786"/>
  <testcase classname="test.TC001_LoginPage" name="payment" time="3.638"/>
</testsuite> <!-- ChromeTest -->
