<?xml version="1.0" encoding="UTF-8"?>
<!-- Generated by org.testng.reporters.JUnitXMLReporter -->
<testsuite ignored="0" hostname="LAPTOP-IF1T13DB" failures="0" tests="3" name="ChromeTest" time="78.191" errors="0" timestamp="2024-08-11T12:21:18 IST">
  <testcase classname="test.TC001_LoginPage" name="signUptest" time="10.93"/>
  <testcase classname="test.TC001_LoginPage" name="oneWayFlight" time="56.366"/>
  <testcase classname="test.TC001_LoginPage" name="payment" time="3.732"/>
</testsuite> <!-- ChromeTest -->
