<?xml version="1.0" encoding="UTF-8"?>
<!-- Generated by org.testng.reporters.JUnitXMLReporter -->
<testsuite ignored="0" hostname="LAPTOP-IF1T13DB" failures="0" tests="3" name="FirefoxTest" time="81.042" errors="0" timestamp="2024-08-11T12:22:40 IST">
  <testcase classname="test.TC001_LoginPage" name="signUptest" time="11.047"/>
  <testcase classname="test.TC001_LoginPage" name="oneWayFlight" time="58.721"/>
  <testcase classname="test.TC001_LoginPage" name="payment" time="3.317"/>
</testsuite> <!-- FirefoxTest -->
