<?xml version="1.0" encoding="UTF-8"?>
<testng-results ignored="0" total="6" passed="6" failed="0" skipped="0">
  <reporter-output>
  </reporter-output>
  <suite started-at="2024-08-11T12:20:00 IST" name="Suite" finished-at="2024-08-11T12:22:40 IST" duration-ms="159784">
    <groups>
    </groups>
    <test started-at="2024-08-11T12:20:00 IST" name="ChromeTest" finished-at="2024-08-11T12:21:18 IST" duration-ms="78191">
      <class name="test.TC001_LoginPage">
        <test-method is-config="true" signature="setup()[pri:0, instance:test.TC001_LoginPage@21a21c64]" started-at="2024-08-11T12:20:00 IST" name="setup" finished-at="2024-08-11T12:20:00 IST" duration-ms="10" status="PASS">
          <reporter-output>
          </reporter-output>
        </test-method> <!-- setup -->
        <test-method is-config="true" signature="lunchingBrowser(java.lang.String,java.lang.String)[pri:0, instance:test.TC001_LoginPage@21a21c64]" started-at="2024-08-11T12:20:00 IST" name="lunchingBrowser" finished-at="2024-08-11T12:20:06 IST" duration-ms="6017" status="PASS">
          <params>
            <param index="0">
              <value>
                <![CDATA[https://www.spicejet.com/]]>
              </value>
            </param>
            <param index="1">
              <value>
                <![CDATA[chrome]]>
              </value>
            </param>
          </params>
          <reporter-output>
          </reporter-output>
        </test-method> <!-- lunchingBrowser -->
        <test-method signature="signUptest([Ljava.lang.String;)[pri:0, instance:test.TC001_LoginPage@21a21c64]" started-at="2024-08-11T12:20:07 IST" name="signUptest" data-provider="getData" finished-at="2024-08-11T12:20:17 IST" duration-ms="10930" status="PASS">
          <params>
            <param index="0">
              <value>
                <![CDATA[[Ljava.lang.String;@118acf70]]>
              </value>
            </param>
          </params>
          <reporter-output>
          </reporter-output>
        </test-method> <!-- signUptest -->
        <test-method signature="oneWayFlight()[pri:0, instance:test.TC001_LoginPage@21a21c64]" started-at="2024-08-11T12:20:18 IST" name="oneWayFlight" finished-at="2024-08-11T12:21:14 IST" depends-on-methods="test.TC001_LoginPage.signUptest" duration-ms="56366" status="PASS">
          <reporter-output>
          </reporter-output>
        </test-method> <!-- oneWayFlight -->
        <test-method signature="payment()[pri:0, instance:test.TC001_LoginPage@21a21c64]" started-at="2024-08-11T12:21:14 IST" name="payment" finished-at="2024-08-11T12:21:18 IST" depends-on-methods="test.TC001_LoginPage.oneWayFlight" duration-ms="3732" status="PASS">
          <reporter-output>
          </reporter-output>
        </test-method> <!-- payment -->
        <test-method is-config="true" signature="closeBrowser()[pri:0, instance:test.TC001_LoginPage@21a21c64]" started-at="2024-08-11T12:21:18 IST" name="closeBrowser" finished-at="2024-08-11T12:21:18 IST" duration-ms="335" status="PASS">
          <reporter-output>
          </reporter-output>
        </test-method> <!-- closeBrowser -->
      </class> <!-- test.TC001_LoginPage -->
    </test> <!-- ChromeTest -->
    <test started-at="2024-08-11T12:21:18 IST" name="FirefoxTest" finished-at="2024-08-11T12:22:40 IST" duration-ms="81042">
      <class name="test.TC001_LoginPage">
        <test-method is-config="true" signature="setup()[pri:0, instance:test.TC001_LoginPage@46944ca9]" started-at="2024-08-11T12:21:19 IST" name="setup" finished-at="2024-08-11T12:21:19 IST" duration-ms="1" status="PASS">
          <reporter-output>
          </reporter-output>
        </test-method> <!-- setup -->
        <test-method is-config="true" signature="lunchingBrowser(java.lang.String,java.lang.String)[pri:0, instance:test.TC001_LoginPage@46944ca9]" started-at="2024-08-11T12:21:19 IST" name="lunchingBrowser" finished-at="2024-08-11T12:21:25 IST" duration-ms="6879" status="PASS">
          <params>
            <param index="0">
              <value>
                <![CDATA[https://www.spicejet.com/]]>
              </value>
            </param>
            <param index="1">
              <value>
                <![CDATA[firefox]]>
              </value>
            </param>
          </params>
          <reporter-output>
          </reporter-output>
        </test-method> <!-- lunchingBrowser -->
        <test-method signature="signUptest([Ljava.lang.String;)[pri:0, instance:test.TC001_LoginPage@46944ca9]" started-at="2024-08-11T12:21:25 IST" name="signUptest" data-provider="getData" finished-at="2024-08-11T12:21:36 IST" duration-ms="11047" status="PASS">
          <params>
            <param index="0">
              <value>
                <![CDATA[[Ljava.lang.String;@45287377]]>
              </value>
            </param>
          </params>
          <reporter-output>
          </reporter-output>
        </test-method> <!-- signUptest -->
        <test-method signature="oneWayFlight()[pri:0, instance:test.TC001_LoginPage@46944ca9]" started-at="2024-08-11T12:21:36 IST" name="oneWayFlight" finished-at="2024-08-11T12:22:35 IST" depends-on-methods="test.TC001_LoginPage.signUptest" duration-ms="58721" status="PASS">
          <reporter-output>
          </reporter-output>
        </test-method> <!-- oneWayFlight -->
        <test-method signature="payment()[pri:0, instance:test.TC001_LoginPage@46944ca9]" started-at="2024-08-11T12:22:35 IST" name="payment" finished-at="2024-08-11T12:22:39 IST" depends-on-methods="test.TC001_LoginPage.oneWayFlight" duration-ms="3317" status="PASS">
          <reporter-output>
          </reporter-output>
        </test-method> <!-- payment -->
        <test-method is-config="true" signature="closeBrowser()[pri:0, instance:test.TC001_LoginPage@46944ca9]" started-at="2024-08-11T12:22:39 IST" name="closeBrowser" finished-at="2024-08-11T12:22:40 IST" duration-ms="963" status="PASS">
          <reporter-output>
          </reporter-output>
        </test-method> <!-- closeBrowser -->
      </class> <!-- test.TC001_LoginPage -->
    </test> <!-- FirefoxTest -->
  </suite> <!-- Suite -->
</testng-results>
