<?xml version="1.0" encoding="UTF-8"?>
<testng-results ignored="0" total="3" passed="3" failed="0" skipped="0">
  <reporter-output>
  </reporter-output>
  <suite started-at="2024-08-09T13:55:35 IST" name="Default suite" finished-at="2024-08-09T13:56:42 IST" duration-ms="67015">
    <groups>
    </groups>
    <test started-at="2024-08-09T13:55:35 IST" name="Default test" finished-at="2024-08-09T13:56:42 IST" duration-ms="67015">
      <class name="test.TC002_LoginPageRoundTrip">
        <test-method is-config="true" signature="setup()[pri:0, instance:test.TC002_LoginPageRoundTrip@6caf0677]" started-at="2024-08-09T13:55:35 IST" name="setup" finished-at="2024-08-09T13:55:35 IST" duration-ms="11" status="PASS">
          <reporter-output>
          </reporter-output>
        </test-method> <!-- setup -->
        <test-method is-config="true" signature="lunchingBrowser(java.lang.String,java.lang.String)[pri:0, instance:test.TC002_LoginPageRoundTrip@6caf0677]" started-at="2024-08-09T13:55:35 IST" name="lunchingBrowser" finished-at="2024-08-09T13:55:43 IST" duration-ms="7257" status="PASS">
          <params>
            <param index="0">
              <value>
                <![CDATA[https://www.spicejet.com/]]>
              </value>
            </param>
            <param index="1">
              <value>
                <![CDATA[chrome]]>
              </value>
            </param>
          </params>
          <reporter-output>
          </reporter-output>
        </test-method> <!-- lunchingBrowser -->
        <test-method signature="signUptest([Ljava.lang.String;)[pri:0, instance:test.TC002_LoginPageRoundTrip@6caf0677]" started-at="2024-08-09T13:55:43 IST" name="signUptest" data-provider="getData" finished-at="2024-08-09T13:55:54 IST" duration-ms="10799" status="PASS">
          <params>
            <param index="0">
              <value>
                <![CDATA[[Ljava.lang.String;@2b7e8044]]>
              </value>
            </param>
          </params>
          <reporter-output>
          </reporter-output>
        </test-method> <!-- signUptest -->
        <test-method signature="twoWayFlight()[pri:0, instance:test.TC002_LoginPageRoundTrip@6caf0677]" started-at="2024-08-09T13:55:54 IST" name="twoWayFlight" finished-at="2024-08-09T13:56:38 IST" depends-on-methods="test.TC002_LoginPageRoundTrip.signUptest" duration-ms="43809" status="PASS">
          <reporter-output>
          </reporter-output>
        </test-method> <!-- twoWayFlight -->
        <test-method signature="payment()[pri:0, instance:test.TC002_LoginPageRoundTrip@6caf0677]" started-at="2024-08-09T13:56:38 IST" name="payment" finished-at="2024-08-09T13:56:42 IST" depends-on-methods="test.TC002_LoginPageRoundTrip.twoWayFlight" duration-ms="3895" status="PASS">
          <reporter-output>
          </reporter-output>
        </test-method> <!-- payment -->
        <test-method is-config="true" signature="closeBrowser()[pri:0, instance:test.TC002_LoginPageRoundTrip@6caf0677]" started-at="2024-08-09T13:56:42 IST" name="closeBrowser" finished-at="2024-08-09T13:56:42 IST" duration-ms="336" status="PASS">
          <reporter-output>
          </reporter-output>
        </test-method> <!-- closeBrowser -->
      </class> <!-- test.TC002_LoginPageRoundTrip -->
    </test> <!-- Default test -->
  </suite> <!-- Default suite -->
</testng-results>
